# JRE version: Java(TM) SE Runtime Environment (9.0+11) (build 9.0.4+11)
# Java VM: Java HotSpot(TM) 64-Bit Server VM (9.0.4+11, mixed mode, tiered, compressed oops, g1 gc, windows-amd64)
Heap:
 garbage-first heap   total 191488K, used 115736K [0x0000000700000000, 0x00000007001005d8, 0x00000007c0000000)
  region size 1024K, 48 young (49152K), 1 survivors (1024K)
 Metaspace       used 84289K, capacity 90619K, committed 90696K, reserved 1128448K
  class space    used 11485K, capacity 12608K, committed 12616K, reserved 1048576K
GC Heap History (10 events):
Event: 809.717 GC heap before
{Heap before GC invocations=208 (full 83):
 garbage-first heap   total 191488K, used 124522K [0x0000000700000000, 0x00000007001005d8, 0x00000007c0000000)
  region size 1024K, 60 young (61440K), 1 survivors (1024K)
 Metaspace       used 84175K, capacity 90555K, committed 90696K, reserved 1128448K
  class space    used 11485K, capacity 12608K, committed 12616K, reserved 1048576K
}
Event: 809.718 GC heap after
{Heap after GC invocations=209 (full 83):
 garbage-first heap   total 191488K, used 63930K [0x0000000700000000, 0x00000007001005d8, 0x00000007c0000000)
  region size 1024K, 1 young (1024K), 1 survivors (1024K)
 Metaspace       used 84175K, capacity 90555K, committed 90696K, reserved 1128448K
  class space    used 11485K, capacity 12608K, committed 12616K, reserved 1048576K
}
Event: 822.754 GC heap before
{Heap before GC invocations=209 (full 83):
 garbage-first heap   total 191488K, used 124346K [0x0000000700000000, 0x00000007001005d8, 0x00000007c0000000)
  region size 1024K, 60 young (61440K), 1 survivors (1024K)
 Metaspace       used 84251K, capacity 90619K, committed 90696K, reserved 1128448K
  class space    used 11485K, capacity 12608K, committed 12616K, reserved 1048576K
}
Event: 822.757 GC heap after
{Heap after GC invocations=210 (full 83):
 garbage-first heap   total 191488K, used 64250K [0x0000000700000000, 0x00000007001005d8, 0x00000007c0000000)
  region size 1024K, 1 young (1024K), 1 survivors (1024K)
 Metaspace       used 84251K, capacity 90619K, committed 90696K, reserved 1128448K
  class space    used 11485K, capacity 12608K, committed 12616K, reserved 1048576K
}
Event: 823.305 GC heap before
{Heap before GC invocations=210 (full 83):
 garbage-first heap   total 191488K, used 124666K [0x0000000700000000, 0x00000007001005d8, 0x00000007c0000000)
  region size 1024K, 60 young (61440K), 1 survivors (1024K)
 Metaspace       used 84253K, capacity 90619K, committed 90696K, reserved 1128448K
  class space    used 11485K, capacity 12608K, committed 12616K, reserved 1048576K
}
Event: 823.307 GC heap after
{Heap after GC invocations=211 (full 83):
 garbage-first heap   total 191488K, used 64168K [0x0000000700000000, 0x00000007001005d8, 0x00000007c0000000)
  region size 1024K, 1 young (1024K), 1 survivors (1024K)
 Metaspace       used 84253K, capacity 90619K, committed 90696K, reserved 1128448K
  class space    used 11485K, capacity 12608K, committed 12616K, reserved 1048576K
}
Event: 823.481 GC heap before
{Heap before GC invocations=211 (full 83):
 garbage-first heap   total 191488K, used 124584K [0x0000000700000000, 0x00000007001005d8, 0x00000007c0000000)
  region size 1024K, 60 young (61440K), 1 survivors (1024K)
 Metaspace       used 84271K, capacity 90619K, committed 90696K, reserved 1128448K
  class space    used 11485K, capacity 12608K, committed 12616K, reserved 1048576K
}
Event: 823.484 GC heap after
{Heap after GC invocations=212 (full 83):
 garbage-first heap   total 191488K, used 64275K [0x0000000700000000, 0x00000007001005d8, 0x00000007c0000000)
  region size 1024K, 1 young (1024K), 1 survivors (1024K)
 Metaspace       used 84271K, capacity 90619K, committed 90696K, reserved 1128448K
  class space    used 11485K, capacity 12608K, committed 12616K, reserved 1048576K
}
Event: 826.307 GC heap before
{Heap before GC invocations=212 (full 83):
 garbage-first heap   total 191488K, used 124691K [0x0000000700000000, 0x00000007001005d8, 0x00000007c0000000)
  region size 1024K, 60 young (61440K), 1 survivors (1024K)
 Metaspace       used 84279K, capacity 90619K, committed 90696K, reserved 1128448K
  class space    used 11485K, capacity 12608K, committed 12616K, reserved 1048576K
}
Event: 826.310 GC heap after
{Heap after GC invocations=213 (full 83):
 garbage-first heap   total 191488K, used 64536K [0x0000000700000000, 0x00000007001005d8, 0x00000007c0000000)
  region size 1024K, 1 young (1024K), 1 survivors (1024K)
 Metaspace       used 84279K, capacity 90619K, committed 90696K, reserved 1128448K
  class space    used 11485K, capacity 12608K, committed 12616K, reserved 1048576K
}

