# JRE version: Java(TM) SE Runtime Environment (9.0+11) (build 9.0.4+11)
# Java VM: Java HotSpot(TM) 64-Bit Server VM (9.0.4+11, mixed mode, tiered, compressed oops, g1 gc, windows-amd64)
Heap:
 garbage-first heap   total 211968K, used 113747K [0x0000000700000000, 0x0000000700100678, 0x00000007c0000000)
  region size 1024K, 43 young (44032K), 1 survivors (1024K)
 Metaspace       used 88026K, capacity 94861K, committed 95048K, reserved 1130496K
  class space    used 12113K, capacity 13297K, committed 13384K, reserved 1048576K
GC Heap History (10 events):
Event: 1319.759 GC heap before
{Heap before GC invocations=448 (full 124):
 garbage-first heap   total 211968K, used 118944K [0x0000000700000000, 0x0000000700100678, 0x00000007c0000000)
  region size 1024K, 47 young (48128K), 3 survivors (3072K)
 Metaspace       used 87956K, capacity 94797K, committed 95048K, reserved 1130496K
  class space    used 12113K, capacity 13297K, committed 13384K, reserved 1048576K
}
Event: 1320.020 GC heap after
{Heap after GC invocations=449 (full 125):
 garbage-first heap   total 211968K, used 69086K [0x0000000700000000, 0x0000000700100678, 0x00000007c0000000)
  region size 1024K, 0 young (0K), 0 survivors (0K)
 Metaspace       used 87956K, capacity 94797K, committed 95048K, reserved 1130496K
  class space    used 12113K, capacity 13297K, committed 13384K, reserved 1048576K
}
Event: 1323.042 GC heap before
{Heap before GC invocations=449 (full 125):
 garbage-first heap   total 211968K, used 132574K [0x0000000700000000, 0x0000000700100678, 0x00000007c0000000)
  region size 1024K, 60 young (61440K), 0 survivors (0K)
 Metaspace       used 87964K, capacity 94861K, committed 95048K, reserved 1130496K
  class space    used 12113K, capacity 13297K, committed 13384K, reserved 1048576K
}
Event: 1323.046 GC heap after
{Heap after GC invocations=450 (full 125):
 garbage-first heap   total 211968K, used 71624K [0x0000000700000000, 0x0000000700100678, 0x00000007c0000000)
  region size 1024K, 1 young (1024K), 1 survivors (1024K)
 Metaspace       used 87964K, capacity 94861K, committed 95048K, reserved 1130496K
  class space    used 12113K, capacity 13297K, committed 13384K, reserved 1048576K
}
Event: 1333.674 GC heap before
{Heap before GC invocations=450 (full 125):
 garbage-first heap   total 211968K, used 132040K [0x0000000700000000, 0x0000000700100678, 0x00000007c0000000)
  region size 1024K, 60 young (61440K), 1 survivors (1024K)
 Metaspace       used 87979K, capacity 94861K, committed 95048K, reserved 1130496K
  class space    used 12113K, capacity 13297K, committed 13384K, reserved 1048576K
}
Event: 1333.676 GC heap after
{Heap after GC invocations=451 (full 125):
 garbage-first heap   total 211968K, used 72126K [0x0000000700000000, 0x0000000700100678, 0x00000007c0000000)
  region size 1024K, 1 young (1024K), 1 survivors (1024K)
 Metaspace       used 87979K, capacity 94861K, committed 95048K, reserved 1130496K
  class space    used 12113K, capacity 13297K, committed 13384K, reserved 1048576K
}
Event: 1338.483 GC heap before
{Heap before GC invocations=451 (full 125):
 garbage-first heap   total 211968K, used 132542K [0x0000000700000000, 0x0000000700100678, 0x00000007c0000000)
  region size 1024K, 60 young (61440K), 1 survivors (1024K)
 Metaspace       used 87985K, capacity 94861K, committed 95048K, reserved 1130496K
  class space    used 12113K, capacity 13297K, committed 13384K, reserved 1048576K
}
Event: 1338.485 GC heap after
{Heap after GC invocations=452 (full 125):
 garbage-first heap   total 211968K, used 71943K [0x0000000700000000, 0x0000000700100678, 0x00000007c0000000)
  region size 1024K, 1 young (1024K), 1 survivors (1024K)
 Metaspace       used 87985K, capacity 94861K, committed 95048K, reserved 1130496K
  class space    used 12113K, capacity 13297K, committed 13384K, reserved 1048576K
}
Event: 1338.638 GC heap before
{Heap before GC invocations=452 (full 125):
 garbage-first heap   total 211968K, used 132359K [0x0000000700000000, 0x0000000700100678, 0x00000007c0000000)
  region size 1024K, 60 young (61440K), 1 survivors (1024K)
 Metaspace       used 87986K, capacity 94861K, committed 95048K, reserved 1130496K
  class space    used 12113K, capacity 13297K, committed 13384K, reserved 1048576K
}
Event: 1338.640 GC heap after
{Heap after GC invocations=453 (full 125):
 garbage-first heap   total 211968K, used 71763K [0x0000000700000000, 0x0000000700100678, 0x00000007c0000000)
  region size 1024K, 1 young (1024K), 1 survivors (1024K)
 Metaspace       used 87986K, capacity 94861K, committed 95048K, reserved 1130496K
  class space    used 12113K, capacity 13297K, committed 13384K, reserved 1048576K
}

