# JRE version: Java(TM) SE Runtime Environment (9.0+11) (build 9.0.4+11)
# Java VM: Java HotSpot(TM) 64-Bit Server VM (9.0.4+11, mixed mode, tiered, compressed oops, g1 gc, windows-amd64)
Heap:
 garbage-first heap   total 202752K, used 126089K [0x0000000700000000, 0x0000000700100630, 0x00000007c0000000)
  region size 1024K, 41 young (41984K), 2 survivors (2048K)
 Metaspace       used 90652K, capacity 97629K, committed 97916K, reserved 1134592K
  class space    used 12207K, capacity 13427K, committed 13436K, reserved 1048576K
GC Heap History (10 events):
Event: 2922.574 GC heap before
{Heap before GC invocations=559 (full 57):
 garbage-first heap   total 202752K, used 144154K [0x0000000700000000, 0x0000000700100630, 0x00000007c0000000)
  region size 1024K, 60 young (61440K), 2 survivors (2048K)
 Metaspace       used 90652K, capacity 97629K, committed 97916K, reserved 1134592K
  class space    used 12207K, capacity 13427K, committed 13436K, reserved 1048576K
}
Event: 2922.577 GC heap after
{Heap after GC invocations=560 (full 57):
 garbage-first heap   total 202752K, used 84793K [0x0000000700000000, 0x0000000700100630, 0x00000007c0000000)
  region size 1024K, 1 young (1024K), 1 survivors (1024K)
 Metaspace       used 90652K, capacity 97629K, committed 97916K, reserved 1134592K
  class space    used 12207K, capacity 13427K, committed 13436K, reserved 1048576K
}
Event: 2923.398 GC heap before
{Heap before GC invocations=560 (full 57):
 garbage-first heap   total 202752K, used 145209K [0x0000000700000000, 0x0000000700100630, 0x00000007c0000000)
  region size 1024K, 60 young (61440K), 1 survivors (1024K)
 Metaspace       used 90652K, capacity 97629K, committed 97916K, reserved 1134592K
  class space    used 12207K, capacity 13427K, committed 13436K, reserved 1048576K
}
Event: 2923.404 GC heap after
{Heap after GC invocations=561 (full 57):
 garbage-first heap   total 202752K, used 84822K [0x0000000700000000, 0x0000000700100630, 0x00000007c0000000)
  region size 1024K, 1 young (1024K), 1 survivors (1024K)
 Metaspace       used 90652K, capacity 97629K, committed 97916K, reserved 1134592K
  class space    used 12207K, capacity 13427K, committed 13436K, reserved 1048576K
}
Event: 2926.286 GC heap before
{Heap before GC invocations=561 (full 57):
 garbage-first heap   total 202752K, used 145238K [0x0000000700000000, 0x0000000700100630, 0x00000007c0000000)
  region size 1024K, 60 young (61440K), 1 survivors (1024K)
 Metaspace       used 90652K, capacity 97629K, committed 97916K, reserved 1134592K
  class space    used 12207K, capacity 13427K, committed 13436K, reserved 1048576K
}
Event: 2926.288 GC heap after
{Heap after GC invocations=562 (full 57):
 garbage-first heap   total 202752K, used 84884K [0x0000000700000000, 0x0000000700100630, 0x00000007c0000000)
  region size 1024K, 1 young (1024K), 1 survivors (1024K)
 Metaspace       used 90652K, capacity 97629K, committed 97916K, reserved 1134592K
  class space    used 12207K, capacity 13427K, committed 13436K, reserved 1048576K
}
Event: 2928.156 GC heap before
{Heap before GC invocations=562 (full 57):
 garbage-first heap   total 202752K, used 138132K [0x0000000700000000, 0x0000000700100630, 0x00000007c0000000)
  region size 1024K, 52 young (53248K), 1 survivors (1024K)
 Metaspace       used 90652K, capacity 97629K, committed 97916K, reserved 1134592K
  class space    used 12207K, capacity 13427K, committed 13436K, reserved 1048576K
}
Event: 2928.158 GC heap after
{Heap after GC invocations=563 (full 57):
 garbage-first heap   total 202752K, used 86900K [0x0000000700000000, 0x0000000700100630, 0x00000007c0000000)
  region size 1024K, 1 young (1024K), 1 survivors (1024K)
 Metaspace       used 90652K, capacity 97629K, committed 97916K, reserved 1134592K
  class space    used 12207K, capacity 13427K, committed 13436K, reserved 1048576K
}
Event: 2933.799 GC heap before
{Heap before GC invocations=563 (full 57):
 garbage-first heap   total 202752K, used 147316K [0x0000000700000000, 0x0000000700100630, 0x00000007c0000000)
  region size 1024K, 60 young (61440K), 1 survivors (1024K)
 Metaspace       used 90652K, capacity 97629K, committed 97916K, reserved 1134592K
  class space    used 12207K, capacity 13427K, committed 13436K, reserved 1048576K
}
Event: 2933.803 GC heap after
{Heap after GC invocations=564 (full 57):
 garbage-first heap   total 202752K, used 87177K [0x0000000700000000, 0x0000000700100630, 0x00000007c0000000)
  region size 1024K, 2 young (2048K), 2 survivors (2048K)
 Metaspace       used 90652K, capacity 97629K, committed 97916K, reserved 1134592K
  class space    used 12207K, capacity 13427K, committed 13436K, reserved 1048576K
}

